#CHROM              21
POS            9411264
ID         rs548263598
REF                  A
ALT                  C
QUAL               100
FILTER            PASS
FORMAT              GT
HG00096            0|0
HG00097            0|0
HG00099            0|0
HG00100            0|0
HG00101            0|0
HG00102            0|0
Name: 2, dtype: object#CHROM              21
POS            9411267
ID         rs561987868
REF                  G
ALT                  T
QUAL               100
FILTER            PASS
FORMAT              GT
HG00096            0|0
HG00097            0|0
HG00099            0|0
HG00100            0|0
HG00101            0|0
HG00102            0|0
Name: 3, dtype: object#CHROM              21
POS            9411302
ID         rs531010746
REF                  G
ALT                  T
QUAL               100
FILTER            PASS
FORMAT              GT
HG00096            0|0
HG00097            0|0
HG00099            0|0
HG00100            0|0
HG00101            0|0
HG00102            0|0
Name: 4, dtype: object#CHROM              21
POS            9411313
ID         rs550852792
REF                  G
ALT                  A
QUAL               100
FILTER            PASS
FORMAT              GT
HG00096            0|0
HG00097            0|0
HG00099            0|0
HG00100            0|0
HG00101            0|0
HG00102            0|0
Name: 5, dtype: object#CHROM              21
POS            9411332
ID         rs571137411
REF                  G
ALT                  T
QUAL               100
FILTER            PASS
FORMAT              GT
HG00096            0|0
HG00097            0|0
HG00099            0|0
HG00100            0|0
HG00101            0|0
HG00102            0|0
Name: 6, dtype: object#CHROM              21
POS            9411347
ID         rs539713234
REF                  G
ALT                  C
QUAL               100
FILTER            PASS
FORMAT              GT
HG00096            0|0
HG00097            0|0
HG00099            0|0
HG00100            0|0
HG00101            0|0
HG00102            0|0
Name: 7, dtype: object#CHROM              21
POS            9411356
ID         rs552178335
REF                  G
ALT                  A
QUAL               100
FILTER            PASS
FORMAT              GT
HG00096            0|0
HG00097            0|0
HG00099            0|0
HG00100            0|0
HG00101            0|0
HG00102            0|0
Name: 8, dtype: object#CHROM              21
POS            9411358
ID         rs565663130
REF                  C
ALT                  T
QUAL               100
FILTER            PASS
FORMAT              GT
HG00096            0|0
HG00097            0|0
HG00099            0|0
HG00100            0|0
HG00101            0|0
HG00102            0|0
Name: 9, dtype: object#CHROM              21
POS            9411381
ID         rs534748710
REF                  G
ALT                  T
QUAL               100
FILTER            PASS
FORMAT              GT
HG00096            0|0
HG00097            0|0
HG00099            0|0
HG00100            0|0
HG00101            0|0
HG00102            0|0
Name: 10, dtype: object#CHROM              21
POS            9411384
ID         rs554702871
REF                  C
ALT                  T
QUAL               100
FILTER            PASS
FORMAT              GT
HG00096            0|0
HG00097            0|0
HG00099            0|0
HG00100            0|0
HG00101            0|0
HG00102            0|0
Name: 11, dtype: object#CHROM              21
POS            9411409
ID         rs574538436
REF                  T
ALT                  C
QUAL               100
FILTER            PASS
FORMAT              GT
HG00096            0|0
HG00097            0|0
HG00099            0|0
HG00100            0|0
HG00101            0|0
HG00102            0|0
Name: 12, dtype: object#CHROM             21
POS           9411410
ID         rs78200054
REF                 C
ALT                 T
QUAL              100
FILTER           PASS
FORMAT             GT
HG00096           0|1
HG00097           1|1
HG00099           0|1
HG00100           0|1
HG00101           0|1
HG00102           1|0
Name: 13, dtype: object#CHROM              21
POS            9411413
ID         rs556843533
REF                  T
ALT                  A
QUAL               100
FILTER            PASS
FORMAT              GT
HG00096            0|0
HG00097            0|0
HG00099            0|0
HG00100            0|0
HG00101            0|0
HG00102            0|0
Name: 14, dtype: object#CHROM              21
POS            9411417
ID         rs577092188
REF                  C
ALT                  T
QUAL               100
FILTER            PASS
FORMAT              GT
HG00096            0|0
HG00097            0|0
HG00099            0|0
HG00100            0|0
HG00101            0|0
HG00102            0|0
Name: 15, dtype: object#CHROM              21
POS            9411441
ID         rs545759795
REF                  T
ALT                  G
QUAL               100
FILTER            PASS
FORMAT              GT
HG00096            0|0
HG00097            0|0
HG00099            0|0
HG00100            0|0
HG00101            0|0
HG00102            0|0
Name: 16, dtype: object#CHROM              21
POS            9411446
ID         rs559733149
REF                  C
ALT                  T
QUAL               100
FILTER            PASS
FORMAT              GT
HG00096            0|0
HG00097            0|0
HG00099            0|0
HG00100            0|0
HG00101            0|0
HG00102            0|0
Name: 17, dtype: object#CHROM              21
POS            9411449
ID         rs572893903
REF                  G
ALT                  T
QUAL               100
FILTER            PASS
FORMAT              GT
HG00096            0|0
HG00097            0|0
HG00099            0|0
HG00100            0|0
HG00101            0|0
HG00102            0|0
Name: 18, dtype: object#CHROM              21
POS            9411455
ID         rs541773326
REF                  C
ALT                  T
QUAL               100
FILTER            PASS
FORMAT              GT
HG00096            0|0
HG00097            0|0
HG00099            0|0
HG00100            0|0
HG00101            0|0
HG00102            0|0
Name: 19, dtype: object#CHROM              21
POS            9411476
ID         rs561854485
REF                  A
ALT                  T
QUAL               100
FILTER            PASS
FORMAT              GT
HG00096            0|0
HG00097            0|0
HG00099            0|0
HG00100            0|0
HG00101            0|0
HG00102            0|0
Name: 20, dtype: object#CHROM              21
POS            9411485
ID         rs530875554
REF                  C
ALT                  A
QUAL               100
FILTER            PASS
FORMAT              GT
HG00096            0|0
HG00097            0|0
HG00099            0|0
HG00100            0|0
HG00101            0|0
HG00102            0|0
Name: 21, dtype: object#CHROM              21
POS            9411486
ID         rs551173763
REF                  C
ALT                  A
QUAL               100
FILTER            PASS
FORMAT              GT
HG00096            0|0
HG00097            0|0
HG00099            0|0
HG00100            0|0
HG00101            0|0
HG00102            0|0
Name: 22, dtype: object#CHROM              21
POS            9411497
ID         rs564500555
REF                  A
ALT                  G
QUAL               100
FILTER            PASS
FORMAT              GT
HG00096            0|0
HG00097            0|0
HG00099            0|0
HG00100            0|0
HG00101            0|0
HG00102            0|0
Name: 23, dtype: object#CHROM             21
POS           9411500
ID         rs71235073
REF                 G
ALT                 T
QUAL              100
FILTER           PASS
FORMAT             GT
HG00096           0|0
HG00097           1|1
HG00099           1|0
HG00100           1|0
HG00101           0|0
HG00102           1|0
Name: 24, dtype: object#CHROM              21
POS            9411501
ID         rs546967725
REF                  A
ALT                  C
QUAL               100
FILTER            PASS
FORMAT              GT
HG00096            0|0
HG00097            0|0
HG00099            0|0
HG00100            0|0
HG00101            0|0
HG00102            0|0
Name: 25, dtype: object#CHROM              21
POS            9411542
ID         rs565724621
REF                  T
ALT                  A
QUAL               100
FILTER            PASS
FORMAT              GT
HG00096            0|0
HG00097            0|0
HG00099            0|0
HG00100            0|0
HG00101            0|0
HG00102            0|0
Name: 26, dtype: object#CHROM              21
POS            9411553
ID         rs534606585
REF                  G
ALT                  A
QUAL               100
FILTER            PASS
FORMAT              GT
HG00096            0|0
HG00097            0|0
HG00099            0|0
HG00100            0|0
HG00101            0|0
HG00102            0|0
Name: 27, dtype: object#CHROM              21
POS            9411554
ID         rs548169090
REF                  G
ALT                  A
QUAL               100
FILTER            PASS
FORMAT              GT
HG00096            0|0
HG00097            0|0
HG00099            0|0
HG00100            0|0
HG00101            0|0
HG00102            0|0
Name: 28, dtype: object#CHROM              21
POS            9411559
ID         rs568178160
REF                  T
ALT                  G
QUAL               100
FILTER            PASS
FORMAT              GT
HG00096            0|0
HG00097            0|0
HG00099            0|0
HG00100            0|0
HG00101            0|0
HG00102            0|0
Name: 29, dtype: object#CHROM              21
POS            9411577
ID         rs536719616
REF                  C
ALT                  T
QUAL               100
FILTER            PASS
FORMAT              GT
HG00096            0|0
HG00097            0|0
HG00099            0|0
HG00100            0|0
HG00101            0|0
HG00102            0|0
Name: 30, dtype: object#CHROM              21
POS            9411601
ID         rs557151743
REF                  T
ALT                  C
QUAL               100
FILTER            PASS
FORMAT              GT
HG00096            0|0
HG00097            0|0
HG00099            0|0
HG00100            0|0
HG00101            0|0
HG00102            0|0
Name: 31, dtype: object#CHROM              21
POS            9411602
ID         rs368646645
REF                  T
ALT                  C
QUAL               100
FILTER            PASS
FORMAT              GT
HG00096            0|0
HG00097            0|0
HG00099            0|1
HG00100            0|1
HG00101            1|0
HG00102            0|1
Name: 32, dtype: object#CHROM              21
POS            9411607
ID         rs539763752
REF                  A
ALT                  C
QUAL               100
FILTER            PASS
FORMAT              GT
HG00096            0|0
HG00097            0|0
HG00099            0|0
HG00100            0|0
HG00101            0|0
HG00102            0|0
Name: 33, dtype: object#CHROM              21
POS            9411617
ID         rs370592152
REF                  A
ALT                  G
QUAL               100
FILTER            PASS
FORMAT              GT
HG00096            0|0
HG00097            0|0
HG00099            0|0
HG00100            0|0
HG00101            0|0
HG00102            0|0
Name: 34, dtype: object#CHROM             21
POS           9411645
ID         rs71235074
REF                 A
ALT                 G
QUAL              100
FILTER           PASS
FORMAT             GT
HG00096           1|0
HG00097           1|1
HG00099           0|1
HG00100           0|1
HG00101           0|1
HG00102           1|0
Name: 35, dtype: object#CHROM              21
POS            9411689
ID         rs541834812
REF                  G
ALT                  A
QUAL               100
FILTER            PASS
FORMAT              GT
HG00096            0|0
HG00097            0|0
HG00099            0|0
HG00100            0|0
HG00101            0|0
HG00102            0|0
Name: 36, dtype: object#CHROM              21
POS            9411710
ID         rs555311353
REF                  C
ALT                  A
QUAL               100
FILTER            PASS
FORMAT              GT
HG00096            0|0
HG00097            0|0
HG00099            0|0
HG00100            0|0
HG00101            0|0
HG00102            0|0
Name: 37, dtype: object#CHROM              21
POS            9411759
ID         rs575359680
REF                  G
ALT                  C
QUAL               100
FILTER            PASS
FORMAT              GT
HG00096            0|0
HG00097            0|0
HG00099            0|0
HG00100            0|0
HG00101            0|0
HG00102            0|0
Name: 38, dtype: object#CHROM             21
POS           9411785
ID         rs71235075
REF                 G
ALT                 T
QUAL              100
FILTER           PASS
FORMAT             GT
HG00096           0|1
HG00097           1|1
HG00099           0|1
HG00100           0|1
HG00101           0|1
HG00102           1|0
Name: 39, dtype: object#CHROM              21
POS            9411793
ID         rs564742686
REF                  G
ALT                  A
QUAL               100
FILTER            PASS
FORMAT              GT
HG00096            0|0
HG00097            0|0
HG00099            0|0
HG00100            0|0
HG00101            0|0
HG00102            0|0
Name: 40, dtype: object#CHROM              21
POS            9411799
ID         rs533358149
REF                  T
ALT                  C
QUAL               100
FILTER            PASS
FORMAT              GT
HG00096            0|0
HG00097            0|0
HG00099            0|0
HG00100            0|0
HG00101            0|0
HG00102            0|0
Name: 41, dtype: object#CHROM              21
POS            9411809
ID         rs540775891
REF                  T
ALT                  C
QUAL               100
FILTER            PASS
FORMAT              GT
HG00096            0|0
HG00097            0|0
HG00099            0|0
HG00100            0|0
HG00101            0|0
HG00102            0|0
Name: 42, dtype: object#CHROM              21
POS            9411818
ID         rs560778262
REF                  C
ALT                  T
QUAL               100
FILTER            PASS
FORMAT              GT
HG00096            0|0
HG00097            0|0
HG00099            0|0
HG00100            0|0
HG00101            0|0
HG00102            0|0
Name: 43, dtype: object#CHROM              21
POS            9411822
ID         rs529578709
REF                  C
ALT                  A
QUAL               100
FILTER            PASS
FORMAT              GT
HG00096            0|0
HG00097            0|0
HG00099            0|0
HG00100            0|0
HG00101            0|0
HG00102            0|0
Name: 44, dtype: object#CHROM              21
POS            9411824
ID         rs548229980
REF                  T
ALT                  A
QUAL               100
FILTER            PASS
FORMAT              GT
HG00096            0|0
HG00097            0|0
HG00099            0|0
HG00100            0|0
HG00101            0|0
HG00102            0|0
Name: 45, dtype: object#CHROM              21
POS            9411833
ID         rs568043879
REF                  G
ALT                  T
QUAL               100
FILTER            PASS
FORMAT              GT
HG00096            0|0
HG00097            0|0
HG00099            0|0
HG00100            0|0
HG00101            0|0
HG00102            0|0
Name: 46, dtype: object#CHROM              21
POS            9411848
ID         rs530667724
REF                  G
ALT                  A
QUAL               100
FILTER            PASS
FORMAT              GT
HG00096            0|0
HG00097            0|0
HG00099            0|0
HG00100            0|0
HG00101            0|0
HG00102            0|0
Name: 47, dtype: object#CHROM              21
POS            9411858
ID         rs550396181
REF                  T
ALT                  C
QUAL               100
FILTER            PASS
FORMAT              GT
HG00096            0|0
HG00097            0|0
HG00099            0|0
HG00100            0|0
HG00101            0|0
HG00102            0|0
Name: 48, dtype: object#CHROM              21
POS            9411878
ID         rs570673736
REF                  C
ALT                  T
QUAL               100
FILTER            PASS
FORMAT              GT
HG00096            0|0
HG00097            0|0
HG00099            0|0
HG00100            0|0
HG00101            0|0
HG00102            0|0
Name: 49, dtype: object#CHROM              21
POS            9411879
ID         rs539264033
REF                  T
ALT                  C
QUAL               100
FILTER            PASS
FORMAT              GT
HG00096            0|0
HG00097            0|0
HG00099            0|0
HG00100            0|0
HG00101            0|0
HG00102            0|0
Name: 50, dtype: object#CHROM              21
POS            9411896
ID         rs552712618
REF                  A
ALT                  T
QUAL               100
FILTER            PASS
FORMAT              GT
HG00096            0|0
HG00097            0|0
HG00099            0|0
HG00100            0|0
HG00101            0|0
HG00102            0|0
Name: 51, dtype: object#CHROM              21
POS            9411907
ID         rs566449449
REF                  G
ALT                  A
QUAL               100
FILTER            PASS
FORMAT              GT
HG00096            0|0
HG00097            0|0
HG00099            0|0
HG00100            0|0
HG00101            0|0
HG00102            0|0
Name: 52, dtype: object#CHROM              21
POS            9411911
ID         rs535340444
REF                  T
ALT                  A
QUAL               100
FILTER            PASS
FORMAT              GT
HG00096            0|0
HG00097            0|0
HG00099            0|0
HG00100            0|0
HG00101            0|0
HG00102            0|0
Name: 53, dtype: object#CHROM              21
POS            9411921
ID         rs555374909
REF                  G
ALT                  C
QUAL               100
FILTER            PASS
FORMAT              GT
HG00096            0|0
HG00097            0|0
HG00099            0|0
HG00100            0|0
HG00101            0|0
HG00102            0|0
Name: 54, dtype: object#CHROM              21
POS            9411925
ID         rs575539439
REF                  T
ALT                  C
QUAL               100
FILTER            PASS
FORMAT              GT
HG00096            0|0
HG00097            0|0
HG00099            0|0
HG00100            0|0
HG00101            0|0
HG00102            0|0
Name: 55, dtype: object#CHROM              21
POS            9411964
ID         rs544738004
REF                  C
ALT                  G
QUAL               100
FILTER            PASS
FORMAT              GT
HG00096            0|0
HG00097            0|0
HG00099            0|0
HG00100            0|0
HG00101            0|0
HG00102            0|0
Name: 56, dtype: object#CHROM              21
POS            9411969
ID         rs557972256
REF                  T
ALT                  C
QUAL               100
FILTER            PASS
FORMAT              GT
HG00096            0|0
HG00097            0|0
HG00099            0|0
HG00100            0|0
HG00101            0|0
HG00102            0|0
Name: 57, dtype: object#CHROM              21
POS            9411975
ID         rs578015817
REF                  G
ALT                  A
QUAL               100
FILTER            PASS
FORMAT              GT
HG00096            0|0
HG00097            0|0
HG00099            0|0
HG00100            0|0
HG00101            0|0
HG00102            0|0
Name: 58, dtype: object#CHROM              21
POS            9412076
ID         rs374249157
REF                CTT
ALT                  C
QUAL               100
FILTER            PASS
FORMAT              GT
HG00096            0|0
HG00097            0|0
HG00099            0|0
HG00100            0|0
HG00101            0|0
HG00102            0|0
Name: 59, dtype: object#CHROM              21
POS            9412078
ID         rs540846814
REF                  T
ALT                  A
QUAL               100
FILTER            PASS
FORMAT              GT
HG00096            0|0
HG00097            0|0
HG00099            0|0
HG00100            0|0
HG00101            0|0
HG00102            0|0
Name: 60, dtype: object#CHROM              21
POS            9412089
ID         rs560641867
REF                  A
ALT                  G
QUAL               100
FILTER            PASS
FORMAT              GT
HG00096            0|0
HG00097            0|0
HG00099            0|0
HG00100            0|0
HG00101            0|0
HG00102            0|0
Name: 61, dtype: object#CHROM              21
POS            9412099
ID         rs146134162
REF                  C
ALT                  T
QUAL               100
FILTER            PASS
FORMAT              GT
HG00096            0|0
HG00097            0|0
HG00099            0|0
HG00100            0|0
HG00101            0|0
HG00102            0|0
Name: 62, dtype: object#CHROM              21
POS            9412100
ID         rs543330773
REF                  G
ALT                  A
QUAL               100
FILTER            PASS
FORMAT              GT
HG00096            0|0
HG00097            0|0
HG00099            0|0
HG00100            0|0
HG00101            0|0
HG00102            0|0
Name: 63, dtype: object#CHROM              21
POS            9412182
ID         rs561709170
REF                  A
ALT                  G
QUAL               100
FILTER            PASS
FORMAT              GT
HG00096            0|0
HG00097            0|0
HG00099            0|0
HG00100            0|0
HG00101            0|0
HG00102            0|0
Name: 64, dtype: object#CHROM              21
POS            9412197
ID         rs530422701
REF                  C
ALT                  G
QUAL               100
FILTER            PASS
FORMAT              GT
HG00096            0|0
HG00097            0|0
HG00099            0|0
HG00100            0|0
HG00101            0|0
HG00102            0|0
Name: 65, dtype: object#CHROM              21
POS            9412205
ID         rs550535537
REF                  A
ALT                  G
QUAL               100
FILTER            PASS
FORMAT              GT
HG00096            0|0
HG00097            0|0
HG00099            0|0
HG00100            0|0
HG00101            0|0
HG00102            0|0
Name: 66, dtype: object#CHROM              21
POS            9412216
ID         rs570467461
REF                  C
ALT                  T
QUAL               100
FILTER            PASS
FORMAT              GT
HG00096            0|0
HG00097            0|0
HG00099            0|0
HG00100            0|0
HG00101            0|0
HG00102            0|0
Name: 67, dtype: object#CHROM              21
POS            9412242
ID         rs533016209
REF                  T
ALT                  A
QUAL               100
FILTER            PASS
FORMAT              GT
HG00096            0|0
HG00097            0|0
HG00099            0|0
HG00100            0|0
HG00101            0|0
HG00102            0|0
Name: 68, dtype: object#CHROM              21
POS            9412246
ID         rs551300911
REF              GATTA
ALT                  G
QUAL               100
FILTER            PASS
FORMAT              GT
HG00096            0|0
HG00097            0|0
HG00099            0|0
HG00100            0|0
HG00101            0|0
HG00102            0|0
Name: 69, dtype: object#CHROM              21
POS            9412260
ID         rs546414715
REF                  A
ALT                  G
QUAL               100
FILTER            PASS
FORMAT              GT
HG00096            0|0
HG00097            0|0
HG00099            0|0
HG00100            0|0
HG00101            0|0
HG00102            0|0
Name: 70, dtype: object#CHROM              21
POS            9412261
ID         rs566313004
REF                  T
ALT                  C
QUAL               100
FILTER            PASS
FORMAT              GT
HG00096            0|0
HG00097            0|0
HG00099            0|0
HG00100            0|0
HG00101            0|0
HG00102            0|0
Name: 71, dtype: object#CHROM              21
POS            9412266
ID         rs535399270
REF                  C
ALT                  A
QUAL               100
FILTER            PASS
FORMAT              GT
HG00096            0|0
HG00097            0|0
HG00099            0|0
HG00100            0|0
HG00101            0|0
HG00102            0|0
Name: 72, dtype: object#CHROM              21
POS            9412279
ID         rs548862087
REF                  C
ALT                  T
QUAL               100
FILTER            PASS
FORMAT              GT
HG00096            0|0
HG00097            0|0
HG00099            0|0
HG00100            0|0
HG00101            0|0
HG00102            0|0
Name: 73, dtype: object#CHROM              21
POS            9412296
ID         rs569084917
REF                  G
ALT                  C
QUAL               100
FILTER            PASS
FORMAT              GT
HG00096            0|0
HG00097            0|0
HG00099            0|0
HG00100            0|0
HG00101            0|0
HG00102            0|0
Name: 74, dtype: object#CHROM              21
POS            9412300
ID         rs537863038
REF                  T
ALT                  C
QUAL               100
FILTER            PASS
FORMAT              GT
HG00096            0|0
HG00097            0|0
HG00099            0|0
HG00100            0|0
HG00101            0|0
HG00102            0|0
Name: 75, dtype: object#CHROM              21
POS            9412339
ID         rs190851473
REF                  C
ALT                  T
QUAL               100
FILTER            PASS
FORMAT              GT
HG00096            0|0
HG00097            0|0
HG00099            0|0
HG00100            0|0
HG00101            0|0
HG00102            0|0
Name: 76, dtype: object#CHROM              21
POS            9412377
ID         rs578050168
REF                  G
ALT                  A
QUAL               100
FILTER            PASS
FORMAT              GT
HG00096            0|0
HG00097            0|0
HG00099            0|0
HG00100            0|0
HG00101            0|0
HG00102            0|0
Name: 77, dtype: object#CHROM              21
POS            9412385
ID         rs534265533
REF                  G
ALT                  A
QUAL               100
FILTER            PASS
FORMAT              GT
HG00096            0|0
HG00097            0|0
HG00099            0|0
HG00100            0|0
HG00101            0|0
HG00102            0|0
Name: 78, dtype: object#CHROM              21
POS            9412441
ID         rs373407518
REF               TATA
ALT                  T
QUAL               100
FILTER            PASS
FORMAT              GT
HG00096            1|0
HG00097            1|1
HG00099            0|1
HG00100            1|0
HG00101            0|1
HG00102            0|1
Name: 79, dtype: object#CHROM              21
POS            9412485
ID         rs554442837
REF                  C
ALT                  G
QUAL               100
FILTER            PASS
FORMAT              GT
HG00096            0|0
HG00097            0|0
HG00099            0|0
HG00100            0|0
HG00101            0|0
HG00102            0|0
Name: 80, dtype: object#CHROM              21
POS            9412494
ID         rs574278539
REF                  A
ALT                  T
QUAL               100
FILTER            PASS
FORMAT              GT
HG00096            0|0
HG00097            0|0
HG00099            0|0
HG00100            0|0
HG00101            0|0
HG00102            0|0
Name: 81, dtype: object#CHROM              21
POS            9412497
ID         rs543391624
REF                  G
ALT                  C
QUAL               100
FILTER            PASS
FORMAT              GT
HG00096            0|0
HG00097            0|0
HG00099            0|0
HG00100            0|0
HG00101            0|0
HG00102            0|0
Name: 82, dtype: object#CHROM              21
POS            9412501
ID         rs563044983
REF                  T
ALT                  A
QUAL               100
FILTER            PASS
FORMAT              GT
HG00096            0|0
HG00097            0|0
HG00099            0|0
HG00100            0|0
HG00101            0|0
HG00102            0|0
Name: 83, dtype: object#CHROM             21
POS           9412503
ID         rs71220884
REF                 C
ALT                 A
QUAL              100
FILTER           PASS
FORMAT             GT
HG00096           1|0
HG00097           1|1
HG00099           1|1
HG00100           1|1
HG00101           1|1
HG00102           0|1
Name: 84, dtype: object#CHROM              21
POS            9412558
ID         rs543884866
REF                  T
ALT                  A
QUAL               100
FILTER            PASS
FORMAT              GT
HG00096            0|0
HG00097            0|0
HG00099            0|0
HG00100            0|0
HG00101            0|0
HG00102            0|0
Name: 85, dtype: object#CHROM              21
POS            9412562
ID         rs564085573
REF                  G
ALT                  C
QUAL               100
FILTER            PASS
FORMAT              GT
HG00096            0|0
HG00097            0|0
HG00099            0|0
HG00100            0|0
HG00101            0|0
HG00102            0|0
Name: 86, dtype: object#CHROM              21
POS            9412585
ID         rs532916880
REF                  C
ALT                  G
QUAL               100
FILTER            PASS
FORMAT              GT
HG00096            0|0
HG00097            0|0
HG00099            0|0
HG00100            0|0
HG00101            0|0
HG00102            0|0
Name: 87, dtype: object#CHROM              21
POS            9412603
ID         rs141306699
REF                  G
ALT                  A
QUAL               100
FILTER            PASS
FORMAT              GT
HG00096            0|0
HG00097            0|0
HG00099            0|0
HG00100            0|0
HG00101            0|0
HG00102            0|0
Name: 88, dtype: object#CHROM              21
POS            9412608
ID         rs559962037
REF                  A
ALT                  G
QUAL               100
FILTER            PASS
FORMAT              GT
HG00096            0|0
HG00097            0|0
HG00099            0|0
HG00100            0|0
HG00101            0|0
HG00102            0|0
Name: 89, dtype: object#CHROM              21
POS            9412638
ID         rs529056475
REF                  A
ALT                  C
QUAL               100
FILTER            PASS
FORMAT              GT
HG00096            0|0
HG00097            0|0
HG00099            0|0
HG00100            0|0
HG00101            0|0
HG00102            0|0
Name: 90, dtype: object#CHROM              21
POS            9412659
ID         rs548726596
REF                  C
ALT                  T
QUAL               100
FILTER            PASS
FORMAT              GT
HG00096            0|0
HG00097            0|0
HG00099            0|0
HG00100            0|0
HG00101            0|0
HG00102            0|0
Name: 91, dtype: object#CHROM              21
POS            9412680
ID         rs569073201
REF                  A
ALT                  C
QUAL               100
FILTER            PASS
FORMAT              GT
HG00096            0|0
HG00097            0|0
HG00099            0|0
HG00100            0|0
HG00101            0|0
HG00102            0|0
Name: 92, dtype: object#CHROM              21
POS            9412726
ID         rs538116382
REF                  C
ALT                  T
QUAL               100
FILTER            PASS
FORMAT              GT
HG00096            0|0
HG00097            0|0
HG00099            0|0
HG00100            0|0
HG00101            0|0
HG00102            0|0
Name: 93, dtype: object#CHROM              21
POS            9412736
ID         rs551512982
REF                  T
ALT                  C
QUAL               100
FILTER            PASS
FORMAT              GT
HG00096            0|0
HG00097            0|0
HG00099            0|0
HG00100            0|0
HG00101            0|0
HG00102            0|0
Name: 94, dtype: object#CHROM              21
POS            9412740
ID         rs149635655
REF                  G
ALT                  A
QUAL               100
FILTER            PASS
FORMAT              GT
HG00096            0|0
HG00097            0|0
HG00099            0|0
HG00100            0|0
HG00101            0|0
HG00102            0|0
Name: 95, dtype: object#CHROM              21
POS            9412755
ID         rs534333241
REF                  C
ALT                  A
QUAL               100
FILTER            PASS
FORMAT              GT
HG00096            0|0
HG00097            0|0
HG00099            0|0
HG00100            0|0
HG00101            0|0
HG00102            0|0
Name: 96, dtype: object#CHROM              21
POS            9412760
ID         rs554307669
REF                  T
ALT                  C
QUAL               100
FILTER            PASS
FORMAT              GT
HG00096            0|0
HG00097            0|0
HG00099            0|0
HG00100            0|0
HG00101            0|0
HG00102            0|0
Name: 97, dtype: object#CHROM              21
POS            9412809
ID         rs370745445
REF                  G
ALT                  A
QUAL               100
FILTER            PASS
FORMAT              GT
HG00096            0|0
HG00097            0|0
HG00099            0|0
HG00100            0|0
HG00101            0|0
HG00102            0|0
Name: 98, dtype: object